{"C:\\Users\\USER\\Desktop\\adaniPrintworld\\backend\\server.js": {"path":"C:\\Users\\USER\\Desktop\\adaniPrintworld\\backend\\server.js","statementMap":{"0":{"start":{"line":1,"column":16},"end":{"line":1,"column":34}},"1":{"start":{"line":2,"column":18},"end":{"line":2,"column":44}},"2":{"start":{"line":3,"column":19},"end":{"line":3,"column":60}},"3":{"start":{"line":4,"column":20},"end":{"line":4,"column":63}},"4":{"start":{"line":5,"column":19},"end":{"line":5,"column":60}},"5":{"start":{"line":6,"column":22},"end":{"line":6,"column":69}},"6":{"start":{"line":7,"column":24},"end":{"line":7,"column":75}},"7":{"start":{"line":8,"column":24},"end":{"line":8,"column":75}},"8":{"start":{"line":9,"column":13},"end":{"line":9,"column":28}},"9":{"start":{"line":11,"column":12},"end":{"line":11,"column":21}},"10":{"start":{"line":14,"column":0},"end":{"line":14,"column":16}},"11":{"start":{"line":15,"column":0},"end":{"line":15,"column":24}},"12":{"start":{"line":16,"column":0},"end":{"line":16,"column":48}},"13":{"start":{"line":19,"column":0},"end":{"line":21,"column":1}},"14":{"start":{"line":20,"column":4},"end":{"line":20,"column":16}},"15":{"start":{"line":24,"column":0},"end":{"line":24,"column":29}},"16":{"start":{"line":27,"column":0},"end":{"line":27,"column":31}},"17":{"start":{"line":28,"column":0},"end":{"line":28,"column":29}},"18":{"start":{"line":29,"column":0},"end":{"line":29,"column":35}},"19":{"start":{"line":32,"column":0},"end":{"line":32,"column":43}},"20":{"start":{"line":33,"column":0},"end":{"line":33,"column":39}},"21":{"start":{"line":36,"column":0},"end":{"line":39,"column":3}},"22":{"start":{"line":37,"column":4},"end":{"line":37,"column":34}},"23":{"start":{"line":38,"column":4},"end":{"line":38,"column":33}},"24":{"start":{"line":42,"column":0},"end":{"line":42,"column":21}},"25":{"start":{"line":45,"column":0},"end":{"line":48,"column":1}},"26":{"start":{"line":46,"column":17},"end":{"line":46,"column":42}},"27":{"start":{"line":47,"column":4},"end":{"line":47,"column":77}},"28":{"start":{"line":47,"column":27},"end":{"line":47,"column":75}}},"fnMap":{"0":{"name":"(anonymous_0)","decl":{"start":{"line":36,"column":16},"end":{"line":36,"column":17}},"loc":{"start":{"line":36,"column":30},"end":{"line":39,"column":1}},"line":36},"1":{"name":"(anonymous_1)","decl":{"start":{"line":47,"column":21},"end":{"line":47,"column":22}},"loc":{"start":{"line":47,"column":27},"end":{"line":47,"column":75}},"line":47}},"branchMap":{"0":{"loc":{"start":{"line":19,"column":0},"end":{"line":21,"column":1}},"type":"if","locations":[{"start":{"line":19,"column":0},"end":{"line":21,"column":1}},{"start":{},"end":{}}],"line":19},"1":{"loc":{"start":{"line":45,"column":0},"end":{"line":48,"column":1}},"type":"if","locations":[{"start":{"line":45,"column":0},"end":{"line":48,"column":1}},{"start":{},"end":{}}],"line":45},"2":{"loc":{"start":{"line":46,"column":17},"end":{"line":46,"column":42}},"type":"binary-expr","locations":[{"start":{"line":46,"column":17},"end":{"line":46,"column":33}},{"start":{"line":46,"column":37},"end":{"line":46,"column":42}}],"line":46}},"s":{"0":7,"1":7,"2":7,"3":7,"4":7,"5":7,"6":7,"7":7,"8":7,"9":7,"10":7,"11":7,"12":7,"13":7,"14":0,"15":7,"16":7,"17":7,"18":7,"19":7,"20":7,"21":7,"22":2,"23":2,"24":7,"25":7,"26":0,"27":0,"28":0},"f":{"0":2,"1":0},"b":{"0":[0,7],"1":[0,7],"2":[0,0]},"_coverageSchema":"1a1c01bbd47fc00a2c39e90264f33305004495a9","hash":"3f24e3f060a509ff8f270229d4eaa5635fc2af66"}
,"C:\\Users\\USER\\Desktop\\adaniPrintworld\\backend\\src\\config\\db.js": {"path":"C:\\Users\\USER\\Desktop\\adaniPrintworld\\backend\\src\\config\\db.js","statementMap":{"0":{"start":{"line":1,"column":17},"end":{"line":1,"column":36}},"1":{"start":{"line":2,"column":12},"end":{"line":2,"column":36}},"2":{"start":{"line":5,"column":4},"end":{"line":8,"column":7}},"3":{"start":{"line":9,"column":4},"end":{"line":9,"column":37}},"4":{"start":{"line":12,"column":0},"end":{"line":12,"column":27}}},"fnMap":{"0":{"name":"connectDB","decl":{"start":{"line":4,"column":15},"end":{"line":4,"column":24}},"loc":{"start":{"line":4,"column":27},"end":{"line":10,"column":1}},"line":4}},"branchMap":{},"s":{"0":7,"1":7,"2":0,"3":0,"4":7},"f":{"0":0},"b":{},"_coverageSchema":"1a1c01bbd47fc00a2c39e90264f33305004495a9","hash":"986d2f26ae23fff8189397701aee3eb99895c50e"}
,"C:\\Users\\USER\\Desktop\\adaniPrintworld\\backend\\src\\config\\environment.js": {"path":"C:\\Users\\USER\\Desktop\\adaniPrintworld\\backend\\src\\config\\environment.js","statementMap":{"0":{"start":{"line":2,"column":0},"end":{"line":2,"column":27}},"1":{"start":{"line":4,"column":0},"end":{"line":11,"column":2}}},"fnMap":{},"branchMap":{"0":{"loc":{"start":{"line":5,"column":14},"end":{"line":5,"column":51}},"type":"binary-expr","locations":[{"start":{"line":5,"column":14},"end":{"line":5,"column":34}},{"start":{"line":5,"column":38},"end":{"line":5,"column":51}}],"line":5},"1":{"loc":{"start":{"line":6,"column":10},"end":{"line":6,"column":34}},"type":"binary-expr","locations":[{"start":{"line":6,"column":10},"end":{"line":6,"column":26}},{"start":{"line":6,"column":30},"end":{"line":6,"column":34}}],"line":6},"2":{"loc":{"start":{"line":7,"column":15},"end":{"line":7,"column":73}},"type":"binary-expr","locations":[{"start":{"line":7,"column":15},"end":{"line":7,"column":36}},{"start":{"line":7,"column":40},"end":{"line":7,"column":73}}],"line":7},"3":{"loc":{"start":{"line":8,"column":16},"end":{"line":8,"column":62}},"type":"binary-expr","locations":[{"start":{"line":8,"column":16},"end":{"line":8,"column":38}},{"start":{"line":8,"column":42},"end":{"line":8,"column":62}}],"line":8},"4":{"loc":{"start":{"line":9,"column":20},"end":{"line":9,"column":54}},"type":"binary-expr","locations":[{"start":{"line":9,"column":20},"end":{"line":9,"column":46}},{"start":{"line":9,"column":50},"end":{"line":9,"column":54}}],"line":9},"5":{"loc":{"start":{"line":10,"column":16},"end":{"line":10,"column":55}},"type":"binary-expr","locations":[{"start":{"line":10,"column":16},"end":{"line":10,"column":38}},{"start":{"line":10,"column":42},"end":{"line":10,"column":55}}],"line":10}},"s":{"0":7,"1":7},"f":{},"b":{"0":[7,0],"1":[7,0],"2":[7,0],"3":[7,0],"4":[7,7],"5":[7,7]},"_coverageSchema":"1a1c01bbd47fc00a2c39e90264f33305004495a9","hash":"8f187fbc42fdc865591ffc3e016c5242fc447481"}
,"C:\\Users\\USER\\Desktop\\adaniPrintworld\\backend\\src\\middleware\\auth.middleware.js": {"path":"C:\\Users\\USER\\Desktop\\adaniPrintworld\\backend\\src\\middleware\\auth.middleware.js","statementMap":{"0":{"start":{"line":1,"column":12},"end":{"line":1,"column":35}},"1":{"start":{"line":3,"column":13},"end":{"line":20,"column":1}},"2":{"start":{"line":4,"column":23},"end":{"line":4,"column":48}},"3":{"start":{"line":6,"column":4},"end":{"line":8,"column":5}},"4":{"start":{"line":7,"column":8},"end":{"line":7,"column":84}},"5":{"start":{"line":10,"column":18},"end":{"line":10,"column":42}},"6":{"start":{"line":12,"column":4},"end":{"line":19,"column":5}},"7":{"start":{"line":13,"column":24},"end":{"line":13,"column":65}},"8":{"start":{"line":14,"column":8},"end":{"line":14,"column":27}},"9":{"start":{"line":15,"column":8},"end":{"line":15,"column":15}},"10":{"start":{"line":17,"column":8},"end":{"line":17,"column":51}},"11":{"start":{"line":18,"column":8},"end":{"line":18,"column":77}},"12":{"start":{"line":22,"column":18},"end":{"line":29,"column":1}},"13":{"start":{"line":23,"column":4},"end":{"line":28,"column":6}},"14":{"start":{"line":24,"column":8},"end":{"line":26,"column":9}},"15":{"start":{"line":25,"column":12},"end":{"line":25,"column":70}},"16":{"start":{"line":27,"column":8},"end":{"line":27,"column":15}},"17":{"start":{"line":32,"column":0},"end":{"line":32,"column":37}}},"fnMap":{"0":{"name":"(anonymous_0)","decl":{"start":{"line":3,"column":13},"end":{"line":3,"column":14}},"loc":{"start":{"line":3,"column":33},"end":{"line":20,"column":1}},"line":3},"1":{"name":"(anonymous_1)","decl":{"start":{"line":22,"column":18},"end":{"line":22,"column":19}},"loc":{"start":{"line":22,"column":39},"end":{"line":29,"column":1}},"line":22},"2":{"name":"(anonymous_2)","decl":{"start":{"line":23,"column":11},"end":{"line":23,"column":12}},"loc":{"start":{"line":23,"column":31},"end":{"line":28,"column":5}},"line":23}},"branchMap":{"0":{"loc":{"start":{"line":6,"column":4},"end":{"line":8,"column":5}},"type":"if","locations":[{"start":{"line":6,"column":4},"end":{"line":8,"column":5}},{"start":{},"end":{}}],"line":6},"1":{"loc":{"start":{"line":6,"column":8},"end":{"line":6,"column":56}},"type":"binary-expr","locations":[{"start":{"line":6,"column":8},"end":{"line":6,"column":19}},{"start":{"line":6,"column":23},"end":{"line":6,"column":56}}],"line":6},"2":{"loc":{"start":{"line":24,"column":8},"end":{"line":26,"column":9}},"type":"if","locations":[{"start":{"line":24,"column":8},"end":{"line":26,"column":9}},{"start":{},"end":{}}],"line":24}},"s":{"0":7,"1":7,"2":38,"3":38,"4":9,"5":29,"6":29,"7":29,"8":29,"9":29,"10":0,"11":0,"12":7,"13":105,"14":29,"15":8,"16":21,"17":7},"f":{"0":38,"1":105,"2":29},"b":{"0":[9,29],"1":[38,29],"2":[8,21]},"_coverageSchema":"1a1c01bbd47fc00a2c39e90264f33305004495a9","hash":"f355f0b46a312e6f59ca85be58da15c09108859c"}
,"C:\\Users\\USER\\Desktop\\adaniPrintworld\\backend\\src\\modules\\admin\\admin.controller.js": {"path":"C:\\Users\\USER\\Desktop\\adaniPrintworld\\backend\\src\\modules\\admin\\admin.controller.js","statementMap":{"0":{"start":{"line":1,"column":16},"end":{"line":1,"column":42}},"1":{"start":{"line":3,"column":0},"end":{"line":11,"column":2}},"2":{"start":{"line":4,"column":4},"end":{"line":10,"column":5}},"3":{"start":{"line":5,"column":21},"end":{"line":5,"column":50}},"4":{"start":{"line":6,"column":8},"end":{"line":6,"column":42}},"5":{"start":{"line":9,"column":8},"end":{"line":9,"column":69}},"6":{"start":{"line":13,"column":0},"end":{"line":20,"column":2}},"7":{"start":{"line":14,"column":4},"end":{"line":19,"column":5}},"8":{"start":{"line":15,"column":21},"end":{"line":15,"column":48}},"9":{"start":{"line":16,"column":8},"end":{"line":16,"column":49}},"10":{"start":{"line":18,"column":8},"end":{"line":18,"column":69}}},"fnMap":{"0":{"name":"(anonymous_0)","decl":{"start":{"line":3,"column":20},"end":{"line":3,"column":21}},"loc":{"start":{"line":3,"column":39},"end":{"line":11,"column":1}},"line":3},"1":{"name":"(anonymous_1)","decl":{"start":{"line":13,"column":22},"end":{"line":13,"column":23}},"loc":{"start":{"line":13,"column":41},"end":{"line":20,"column":1}},"line":13}},"branchMap":{},"s":{"0":7,"1":7,"2":1,"3":1,"4":1,"5":0,"6":7,"7":1,"8":1,"9":1,"10":0},"f":{"0":1,"1":1},"b":{},"_coverageSchema":"1a1c01bbd47fc00a2c39e90264f33305004495a9","hash":"4da5d24043a1b9c314519a1d5911479eec2b899d"}
,"C:\\Users\\USER\\Desktop\\adaniPrintworld\\backend\\src\\modules\\admin\\admin.routes.js": {"path":"C:\\Users\\USER\\Desktop\\adaniPrintworld\\backend\\src\\modules\\admin\\admin.routes.js","statementMap":{"0":{"start":{"line":1,"column":15},"end":{"line":1,"column":42}},"1":{"start":{"line":2,"column":19},"end":{"line":2,"column":48}},"2":{"start":{"line":3,"column":28},"end":{"line":3,"column":71}},"3":{"start":{"line":5,"column":0},"end":{"line":5,"column":73}},"4":{"start":{"line":6,"column":0},"end":{"line":6,"column":71}},"5":{"start":{"line":8,"column":0},"end":{"line":8,"column":24}}},"fnMap":{},"branchMap":{},"s":{"0":7,"1":7,"2":7,"3":7,"4":7,"5":7},"f":{},"b":{},"_coverageSchema":"1a1c01bbd47fc00a2c39e90264f33305004495a9","hash":"be133c266e7e53e2a448c216b64130edb1c03df4"}
,"C:\\Users\\USER\\Desktop\\adaniPrintworld\\backend\\src\\modules\\admin\\admin.service.js": {"path":"C:\\Users\\USER\\Desktop\\adaniPrintworld\\backend\\src\\modules\\admin\\admin.service.js","statementMap":{"0":{"start":{"line":1,"column":26},"end":{"line":1,"column":55}},"1":{"start":{"line":3,"column":0},"end":{"line":7,"column":3}},"2":{"start":{"line":3,"column":36},"end":{"line":7,"column":1}},"3":{"start":{"line":9,"column":0},"end":{"line":11,"column":2}},"4":{"start":{"line":10,"column":4},"end":{"line":10,"column":75}}},"fnMap":{"0":{"name":"(anonymous_0)","decl":{"start":{"line":3,"column":24},"end":{"line":3,"column":25}},"loc":{"start":{"line":3,"column":36},"end":{"line":7,"column":1}},"line":3},"1":{"name":"(anonymous_1)","decl":{"start":{"line":9,"column":22},"end":{"line":9,"column":23}},"loc":{"start":{"line":9,"column":33},"end":{"line":11,"column":1}},"line":9}},"branchMap":{},"s":{"0":7,"1":7,"2":1,"3":7,"4":1},"f":{"0":1,"1":1},"b":{},"_coverageSchema":"1a1c01bbd47fc00a2c39e90264f33305004495a9","hash":"1750b78f1f8211df1fc3af51f15b5e98634c394b"}
,"C:\\Users\\USER\\Desktop\\adaniPrintworld\\backend\\src\\modules\\auth\\auth.controller.js": {"path":"C:\\Users\\USER\\Desktop\\adaniPrintworld\\backend\\src\\modules\\auth\\auth.controller.js","statementMap":{"0":{"start":{"line":1,"column":20},"end":{"line":1,"column":45}},"1":{"start":{"line":2,"column":20},"end":{"line":2,"column":43}},"2":{"start":{"line":5,"column":0},"end":{"line":17,"column":2}},"3":{"start":{"line":6,"column":4},"end":{"line":16,"column":5}},"4":{"start":{"line":7,"column":25},"end":{"line":7,"column":35}},"5":{"start":{"line":8,"column":21},"end":{"line":8,"column":61}},"6":{"start":{"line":9,"column":8},"end":{"line":13,"column":11}},"7":{"start":{"line":15,"column":8},"end":{"line":15,"column":69}},"8":{"start":{"line":20,"column":0},"end":{"line":27,"column":2}},"9":{"start":{"line":21,"column":4},"end":{"line":26,"column":5}},"10":{"start":{"line":22,"column":8},"end":{"line":22,"column":55}},"11":{"start":{"line":23,"column":8},"end":{"line":23,"column":63}},"12":{"start":{"line":25,"column":8},"end":{"line":25,"column":69}},"13":{"start":{"line":30,"column":0},"end":{"line":37,"column":2}},"14":{"start":{"line":31,"column":4},"end":{"line":36,"column":5}},"15":{"start":{"line":32,"column":32},"end":{"line":32,"column":90}},"16":{"start":{"line":33,"column":8},"end":{"line":33,"column":78}},"17":{"start":{"line":35,"column":8},"end":{"line":35,"column":69}},"18":{"start":{"line":40,"column":0},"end":{"line":53,"column":2}},"19":{"start":{"line":41,"column":4},"end":{"line":52,"column":5}},"20":{"start":{"line":42,"column":24},"end":{"line":42,"column":68}},"21":{"start":{"line":43,"column":8},"end":{"line":43,"column":82}},"22":{"start":{"line":43,"column":22},"end":{"line":43,"column":82}},"23":{"start":{"line":45,"column":8},"end":{"line":45,"column":38}},"24":{"start":{"line":46,"column":8},"end":{"line":46,"column":34}},"25":{"start":{"line":47,"column":8},"end":{"line":47,"column":29}},"26":{"start":{"line":49,"column":8},"end":{"line":49,"column":65}},"27":{"start":{"line":51,"column":8},"end":{"line":51,"column":69}}},"fnMap":{"0":{"name":"(anonymous_0)","decl":{"start":{"line":5,"column":19},"end":{"line":5,"column":20}},"loc":{"start":{"line":5,"column":38},"end":{"line":17,"column":1}},"line":5},"1":{"name":"(anonymous_1)","decl":{"start":{"line":20,"column":22},"end":{"line":20,"column":23}},"loc":{"start":{"line":20,"column":41},"end":{"line":27,"column":1}},"line":20},"2":{"name":"(anonymous_2)","decl":{"start":{"line":30,"column":16},"end":{"line":30,"column":17}},"loc":{"start":{"line":30,"column":35},"end":{"line":37,"column":1}},"line":30},"3":{"name":"(anonymous_3)","decl":{"start":{"line":40,"column":25},"end":{"line":40,"column":26}},"loc":{"start":{"line":40,"column":44},"end":{"line":53,"column":1}},"line":40}},"branchMap":{"0":{"loc":{"start":{"line":43,"column":8},"end":{"line":43,"column":82}},"type":"if","locations":[{"start":{"line":43,"column":8},"end":{"line":43,"column":82}},{"start":{},"end":{}}],"line":43}},"s":{"0":7,"1":7,"2":7,"3":5,"4":5,"5":5,"6":4,"7":1,"8":7,"9":3,"10":3,"11":0,"12":3,"13":7,"14":4,"15":4,"16":0,"17":4,"18":7,"19":2,"20":2,"21":2,"22":1,"23":1,"24":1,"25":1,"26":1,"27":0},"f":{"0":5,"1":3,"2":4,"3":2},"b":{"0":[1,1]},"_coverageSchema":"1a1c01bbd47fc00a2c39e90264f33305004495a9","hash":"39dff331f16855de190ff0c805738eacbe7d7710"}
,"C:\\Users\\USER\\Desktop\\adaniPrintworld\\backend\\src\\modules\\auth\\auth.model.js": {"path":"C:\\Users\\USER\\Desktop\\adaniPrintworld\\backend\\src\\modules\\auth\\auth.model.js","statementMap":{"0":{"start":{"line":1,"column":17},"end":{"line":1,"column":36}},"1":{"start":{"line":4,"column":20},"end":{"line":11,"column":2}},"2":{"start":{"line":14,"column":19},"end":{"line":25,"column":2}},"3":{"start":{"line":28,"column":22},"end":{"line":40,"column":2}},"4":{"start":{"line":42,"column":0},"end":{"line":46,"column":2}}},"fnMap":{},"branchMap":{},"s":{"0":7,"1":7,"2":7,"3":7,"4":7},"f":{},"b":{},"_coverageSchema":"1a1c01bbd47fc00a2c39e90264f33305004495a9","hash":"b0ce3f858ce7dd89ae4a7d303337c26ffee498f3"}
,"C:\\Users\\USER\\Desktop\\adaniPrintworld\\backend\\src\\modules\\auth\\auth.routes.js": {"path":"C:\\Users\\USER\\Desktop\\adaniPrintworld\\backend\\src\\modules\\auth\\auth.routes.js","statementMap":{"0":{"start":{"line":1,"column":15},"end":{"line":1,"column":42}},"1":{"start":{"line":2,"column":19},"end":{"line":2,"column":47}},"2":{"start":{"line":3,"column":28},"end":{"line":3,"column":71}},"3":{"start":{"line":6,"column":0},"end":{"line":6,"column":50}},"4":{"start":{"line":7,"column":0},"end":{"line":7,"column":54}},"5":{"start":{"line":8,"column":0},"end":{"line":8,"column":40}},"6":{"start":{"line":11,"column":0},"end":{"line":11,"column":96}},"7":{"start":{"line":13,"column":0},"end":{"line":13,"column":24}}},"fnMap":{},"branchMap":{},"s":{"0":7,"1":7,"2":7,"3":7,"4":7,"5":7,"6":7,"7":7},"f":{},"b":{},"_coverageSchema":"1a1c01bbd47fc00a2c39e90264f33305004495a9","hash":"5014c872bc468f44f5f66477fb2e87ea24af964f"}
,"C:\\Users\\USER\\Desktop\\adaniPrintworld\\backend\\src\\modules\\auth\\auth.service.js": {"path":"C:\\Users\\USER\\Desktop\\adaniPrintworld\\backend\\src\\modules\\auth\\auth.service.js","statementMap":{"0":{"start":{"line":1,"column":15},"end":{"line":1,"column":32}},"1":{"start":{"line":2,"column":15},"end":{"line":2,"column":34}},"2":{"start":{"line":3,"column":12},"end":{"line":3,"column":35}},"3":{"start":{"line":4,"column":33},"end":{"line":4,"column":56}},"4":{"start":{"line":7,"column":4},"end":{"line":7,"column":39}},"5":{"start":{"line":7,"column":26},"end":{"line":7,"column":39}},"6":{"start":{"line":8,"column":4},"end":{"line":8,"column":37}},"7":{"start":{"line":8,"column":25},"end":{"line":8,"column":37}},"8":{"start":{"line":9,"column":4},"end":{"line":9,"column":43}},"9":{"start":{"line":9,"column":28},"end":{"line":9,"column":43}},"10":{"start":{"line":10,"column":4},"end":{"line":10,"column":46}},"11":{"start":{"line":14,"column":0},"end":{"line":38,"column":2}},"12":{"start":{"line":15,"column":18},"end":{"line":15,"column":46}},"13":{"start":{"line":17,"column":18},"end":{"line":17,"column":56}},"14":{"start":{"line":18,"column":27},"end":{"line":18,"column":63}},"15":{"start":{"line":21,"column":4},"end":{"line":28,"column":5}},"16":{"start":{"line":22,"column":21},"end":{"line":22,"column":80}},"17":{"start":{"line":23,"column":8},"end":{"line":23,"column":67}},"18":{"start":{"line":23,"column":19},"end":{"line":23,"column":67}},"19":{"start":{"line":25,"column":8},"end":{"line":25,"column":31}},"20":{"start":{"line":26,"column":8},"end":{"line":26,"column":36}},"21":{"start":{"line":27,"column":8},"end":{"line":27,"column":32}},"22":{"start":{"line":30,"column":17},"end":{"line":35,"column":6}},"23":{"start":{"line":37,"column":4},"end":{"line":37,"column":16}},"24":{"start":{"line":41,"column":0},"end":{"line":68,"column":2}},"25":{"start":{"line":42,"column":19},"end":{"line":42,"column":41}},"26":{"start":{"line":44,"column":4},"end":{"line":65,"column":5}},"27":{"start":{"line":45,"column":21},"end":{"line":45,"column":64}},"28":{"start":{"line":47,"column":8},"end":{"line":47,"column":28}},"29":{"start":{"line":47,"column":19},"end":{"line":47,"column":28}},"30":{"start":{"line":49,"column":8},"end":{"line":51,"column":9}},"31":{"start":{"line":50,"column":12},"end":{"line":50,"column":57}},"32":{"start":{"line":53,"column":8},"end":{"line":53,"column":31}},"33":{"start":{"line":55,"column":8},"end":{"line":58,"column":9}},"34":{"start":{"line":56,"column":26},"end":{"line":56,"column":77}},"35":{"start":{"line":57,"column":12},"end":{"line":57,"column":68}},"36":{"start":{"line":60,"column":8},"end":{"line":60,"column":32}},"37":{"start":{"line":61,"column":8},"end":{"line":61,"column":38}},"38":{"start":{"line":62,"column":8},"end":{"line":62,"column":26}},"39":{"start":{"line":64,"column":8},"end":{"line":64,"column":20}},"40":{"start":{"line":67,"column":4},"end":{"line":67,"column":50}},"41":{"start":{"line":71,"column":0},"end":{"line":90,"column":2}},"42":{"start":{"line":72,"column":19},"end":{"line":72,"column":41}},"43":{"start":{"line":74,"column":4},"end":{"line":87,"column":5}},"44":{"start":{"line":75,"column":21},"end":{"line":75,"column":51}},"45":{"start":{"line":76,"column":8},"end":{"line":76,"column":28}},"46":{"start":{"line":76,"column":19},"end":{"line":76,"column":28}},"47":{"start":{"line":78,"column":22},"end":{"line":78,"column":67}},"48":{"start":{"line":79,"column":8},"end":{"line":79,"column":58}},"49":{"start":{"line":79,"column":20},"end":{"line":79,"column":58}},"50":{"start":{"line":80,"column":8},"end":{"line":80,"column":68}},"51":{"start":{"line":80,"column":30},"end":{"line":80,"column":68}},"52":{"start":{"line":82,"column":22},"end":{"line":84,"column":9}},"53":{"start":{"line":86,"column":8},"end":{"line":86,"column":31}},"54":{"start":{"line":89,"column":4},"end":{"line":89,"column":38}}},"fnMap":{"0":{"name":"getModel","decl":{"start":{"line":6,"column":9},"end":{"line":6,"column":17}},"loc":{"start":{"line":6,"column":24},"end":{"line":11,"column":1}},"line":6},"1":{"name":"(anonymous_1)","decl":{"start":{"line":14,"column":17},"end":{"line":14,"column":18}},"loc":{"start":{"line":14,"column":38},"end":{"line":38,"column":1}},"line":14},"2":{"name":"(anonymous_2)","decl":{"start":{"line":41,"column":22},"end":{"line":41,"column":23}},"loc":{"start":{"line":41,"column":38},"end":{"line":68,"column":1}},"line":41},"3":{"name":"(anonymous_3)","decl":{"start":{"line":71,"column":16},"end":{"line":71,"column":17}},"loc":{"start":{"line":71,"column":42},"end":{"line":90,"column":1}},"line":71}},"branchMap":{"0":{"loc":{"start":{"line":7,"column":4},"end":{"line":7,"column":39}},"type":"if","locations":[{"start":{"line":7,"column":4},"end":{"line":7,"column":39}},{"start":{},"end":{}}],"line":7},"1":{"loc":{"start":{"line":8,"column":4},"end":{"line":8,"column":37}},"type":"if","locations":[{"start":{"line":8,"column":4},"end":{"line":8,"column":37}},{"start":{},"end":{}}],"line":8},"2":{"loc":{"start":{"line":9,"column":4},"end":{"line":9,"column":43}},"type":"if","locations":[{"start":{"line":9,"column":4},"end":{"line":9,"column":43}},{"start":{},"end":{}}],"line":9},"3":{"loc":{"start":{"line":21,"column":4},"end":{"line":28,"column":5}},"type":"if","locations":[{"start":{"line":21,"column":4},"end":{"line":28,"column":5}},{"start":{},"end":{}}],"line":21},"4":{"loc":{"start":{"line":23,"column":8},"end":{"line":23,"column":67}},"type":"if","locations":[{"start":{"line":23,"column":8},"end":{"line":23,"column":67}},{"start":{},"end":{}}],"line":23},"5":{"loc":{"start":{"line":47,"column":8},"end":{"line":47,"column":28}},"type":"if","locations":[{"start":{"line":47,"column":8},"end":{"line":47,"column":28}},{"start":{},"end":{}}],"line":47},"6":{"loc":{"start":{"line":49,"column":8},"end":{"line":51,"column":9}},"type":"if","locations":[{"start":{"line":49,"column":8},"end":{"line":51,"column":9}},{"start":{},"end":{}}],"line":49},"7":{"loc":{"start":{"line":55,"column":8},"end":{"line":58,"column":9}},"type":"if","locations":[{"start":{"line":55,"column":8},"end":{"line":58,"column":9}},{"start":{},"end":{}}],"line":55},"8":{"loc":{"start":{"line":55,"column":12},"end":{"line":55,"column":41}},"type":"binary-expr","locations":[{"start":{"line":55,"column":12},"end":{"line":55,"column":26}},{"start":{"line":55,"column":30},"end":{"line":55,"column":41}}],"line":55},"9":{"loc":{"start":{"line":76,"column":8},"end":{"line":76,"column":28}},"type":"if","locations":[{"start":{"line":76,"column":8},"end":{"line":76,"column":28}},{"start":{},"end":{}}],"line":76},"10":{"loc":{"start":{"line":79,"column":8},"end":{"line":79,"column":58}},"type":"if","locations":[{"start":{"line":79,"column":8},"end":{"line":79,"column":58}},{"start":{},"end":{}}],"line":79},"11":{"loc":{"start":{"line":80,"column":8},"end":{"line":80,"column":68}},"type":"if","locations":[{"start":{"line":80,"column":8},"end":{"line":80,"column":68}},{"start":{},"end":{}}],"line":80}},"s":{"0":7,"1":7,"2":7,"3":7,"4":5,"5":2,"6":3,"7":1,"8":2,"9":1,"10":1,"11":7,"12":5,"13":4,"14":4,"15":4,"16":0,"17":0,"18":0,"19":0,"20":0,"21":0,"22":4,"23":4,"24":7,"25":3,"26":3,"27":9,"28":9,"29":9,"30":0,"31":0,"32":0,"33":0,"34":0,"35":0,"36":0,"37":0,"38":0,"39":0,"40":3,"41":7,"42":4,"43":4,"44":8,"45":8,"46":6,"47":2,"48":2,"49":1,"50":1,"51":1,"52":0,"53":0,"54":2},"f":{"0":5,"1":5,"2":3,"3":4},"b":{"0":[2,3],"1":[1,2],"2":[1,1],"3":[0,4],"4":[0,0],"5":[9,0],"6":[0,0],"7":[0,0],"8":[0,0],"9":[6,2],"10":[1,1],"11":[1,0]},"_coverageSchema":"1a1c01bbd47fc00a2c39e90264f33305004495a9","hash":"5666d912cd57ee18dfc79c1f1f81f81f0db1da6f"}
,"C:\\Users\\USER\\Desktop\\adaniPrintworld\\backend\\src\\modules\\dashboard\\dashboard.controller.js": {"path":"C:\\Users\\USER\\Desktop\\adaniPrintworld\\backend\\src\\modules\\dashboard\\dashboard.controller.js","statementMap":{"0":{"start":{"line":1,"column":16},"end":{"line":1,"column":46}},"1":{"start":{"line":3,"column":0},"end":{"line":10,"column":2}},"2":{"start":{"line":4,"column":4},"end":{"line":9,"column":5}},"3":{"start":{"line":5,"column":21},"end":{"line":5,"column":50}},"4":{"start":{"line":6,"column":8},"end":{"line":6,"column":42}},"5":{"start":{"line":8,"column":8},"end":{"line":8,"column":69}},"6":{"start":{"line":12,"column":0},"end":{"line":19,"column":2}},"7":{"start":{"line":13,"column":4},"end":{"line":18,"column":5}},"8":{"start":{"line":14,"column":21},"end":{"line":14,"column":60}},"9":{"start":{"line":15,"column":8},"end":{"line":15,"column":42}},"10":{"start":{"line":17,"column":8},"end":{"line":17,"column":69}},"11":{"start":{"line":21,"column":0},"end":{"line":28,"column":2}},"12":{"start":{"line":22,"column":4},"end":{"line":27,"column":5}},"13":{"start":{"line":23,"column":21},"end":{"line":23,"column":62}},"14":{"start":{"line":24,"column":8},"end":{"line":24,"column":42}},"15":{"start":{"line":26,"column":8},"end":{"line":26,"column":69}}},"fnMap":{"0":{"name":"(anonymous_0)","decl":{"start":{"line":3,"column":25},"end":{"line":3,"column":26}},"loc":{"start":{"line":3,"column":44},"end":{"line":10,"column":1}},"line":3},"1":{"name":"(anonymous_1)","decl":{"start":{"line":12,"column":24},"end":{"line":12,"column":25}},"loc":{"start":{"line":12,"column":43},"end":{"line":19,"column":1}},"line":12},"2":{"name":"(anonymous_2)","decl":{"start":{"line":21,"column":27},"end":{"line":21,"column":28}},"loc":{"start":{"line":21,"column":46},"end":{"line":28,"column":1}},"line":21}},"branchMap":{},"s":{"0":7,"1":7,"2":1,"3":1,"4":1,"5":0,"6":7,"7":1,"8":1,"9":1,"10":0,"11":7,"12":1,"13":1,"14":1,"15":0},"f":{"0":1,"1":1,"2":1},"b":{},"_coverageSchema":"1a1c01bbd47fc00a2c39e90264f33305004495a9","hash":"1ddf26311c4675de1356735313d1a43f22d03ca7"}
,"C:\\Users\\USER\\Desktop\\adaniPrintworld\\backend\\src\\modules\\dashboard\\dashboard.routes.js": {"path":"C:\\Users\\USER\\Desktop\\adaniPrintworld\\backend\\src\\modules\\dashboard\\dashboard.routes.js","statementMap":{"0":{"start":{"line":1,"column":15},"end":{"line":1,"column":42}},"1":{"start":{"line":2,"column":19},"end":{"line":2,"column":52}},"2":{"start":{"line":3,"column":28},"end":{"line":3,"column":71}},"3":{"start":{"line":6,"column":0},"end":{"line":6,"column":74}},"4":{"start":{"line":9,"column":0},"end":{"line":9,"column":71}},"5":{"start":{"line":12,"column":0},"end":{"line":12,"column":80}},"6":{"start":{"line":14,"column":0},"end":{"line":14,"column":24}}},"fnMap":{},"branchMap":{},"s":{"0":7,"1":7,"2":7,"3":7,"4":7,"5":7,"6":7},"f":{},"b":{},"_coverageSchema":"1a1c01bbd47fc00a2c39e90264f33305004495a9","hash":"c817232f78070ec21677c10fc5820966cbd73dce"}
,"C:\\Users\\USER\\Desktop\\adaniPrintworld\\backend\\src\\modules\\dashboard\\dashboard.service.js": {"path":"C:\\Users\\USER\\Desktop\\adaniPrintworld\\backend\\src\\modules\\dashboard\\dashboard.service.js","statementMap":{"0":{"start":{"line":1,"column":33},"end":{"line":1,"column":62}},"1":{"start":{"line":3,"column":0},"end":{"line":9,"column":2}},"2":{"start":{"line":4,"column":4},"end":{"line":8,"column":6}},"3":{"start":{"line":11,"column":0},"end":{"line":19,"column":2}},"4":{"start":{"line":12,"column":21},"end":{"line":12,"column":51}},"5":{"start":{"line":14,"column":4},"end":{"line":18,"column":6}},"6":{"start":{"line":21,"column":0},"end":{"line":24,"column":2}},"7":{"start":{"line":22,"column":20},"end":{"line":22,"column":73}},"8":{"start":{"line":23,"column":4},"end":{"line":23,"column":19}}},"fnMap":{"0":{"name":"(anonymous_0)","decl":{"start":{"line":3,"column":24},"end":{"line":3,"column":25}},"loc":{"start":{"line":3,"column":35},"end":{"line":9,"column":1}},"line":3},"1":{"name":"(anonymous_1)","decl":{"start":{"line":11,"column":23},"end":{"line":11,"column":24}},"loc":{"start":{"line":11,"column":40},"end":{"line":19,"column":1}},"line":11},"2":{"name":"(anonymous_2)","decl":{"start":{"line":21,"column":25},"end":{"line":21,"column":26}},"loc":{"start":{"line":21,"column":45},"end":{"line":24,"column":1}},"line":21}},"branchMap":{},"s":{"0":7,"1":7,"2":1,"3":7,"4":1,"5":1,"6":7,"7":1,"8":1},"f":{"0":1,"1":1,"2":1},"b":{},"_coverageSchema":"1a1c01bbd47fc00a2c39e90264f33305004495a9","hash":"d47453fd0fa41b62d8b3200f472b858d44e50dff"}
,"C:\\Users\\USER\\Desktop\\adaniPrintworld\\backend\\src\\modules\\head\\head.controller.js": {"path":"C:\\Users\\USER\\Desktop\\adaniPrintworld\\backend\\src\\modules\\head\\head.controller.js","statementMap":{"0":{"start":{"line":1,"column":16},"end":{"line":1,"column":41}},"1":{"start":{"line":3,"column":0},"end":{"line":10,"column":2}},"2":{"start":{"line":4,"column":4},"end":{"line":9,"column":5}},"3":{"start":{"line":5,"column":21},"end":{"line":5,"column":60}},"4":{"start":{"line":6,"column":8},"end":{"line":6,"column":42}},"5":{"start":{"line":8,"column":8},"end":{"line":8,"column":69}},"6":{"start":{"line":12,"column":0},"end":{"line":19,"column":2}},"7":{"start":{"line":13,"column":4},"end":{"line":18,"column":5}},"8":{"start":{"line":14,"column":23},"end":{"line":14,"column":86}},"9":{"start":{"line":15,"column":8},"end":{"line":15,"column":53}},"10":{"start":{"line":17,"column":8},"end":{"line":17,"column":69}}},"fnMap":{"0":{"name":"(anonymous_0)","decl":{"start":{"line":3,"column":20},"end":{"line":3,"column":21}},"loc":{"start":{"line":3,"column":39},"end":{"line":10,"column":1}},"line":3},"1":{"name":"(anonymous_1)","decl":{"start":{"line":12,"column":25},"end":{"line":12,"column":26}},"loc":{"start":{"line":12,"column":44},"end":{"line":19,"column":1}},"line":12}},"branchMap":{},"s":{"0":7,"1":7,"2":1,"3":1,"4":1,"5":0,"6":7,"7":2,"8":2,"9":0,"10":2},"f":{"0":1,"1":2},"b":{},"_coverageSchema":"1a1c01bbd47fc00a2c39e90264f33305004495a9","hash":"0b30bb3ea0bd5a2a71c51acf2b07039f123e30e5"}
,"C:\\Users\\USER\\Desktop\\adaniPrintworld\\backend\\src\\modules\\head\\head.routes.js": {"path":"C:\\Users\\USER\\Desktop\\adaniPrintworld\\backend\\src\\modules\\head\\head.routes.js","statementMap":{"0":{"start":{"line":1,"column":15},"end":{"line":1,"column":42}},"1":{"start":{"line":2,"column":19},"end":{"line":2,"column":47}},"2":{"start":{"line":3,"column":28},"end":{"line":3,"column":71}},"3":{"start":{"line":4,"column":20},"end":{"line":4,"column":49}},"4":{"start":{"line":7,"column":0},"end":{"line":7,"column":72}},"5":{"start":{"line":10,"column":0},"end":{"line":10,"column":88}},"6":{"start":{"line":13,"column":0},"end":{"line":35,"column":3}},"7":{"start":{"line":14,"column":4},"end":{"line":34,"column":5}},"8":{"start":{"line":15,"column":24},"end":{"line":18,"column":10}},"9":{"start":{"line":20,"column":8},"end":{"line":22,"column":9}},"10":{"start":{"line":21,"column":12},"end":{"line":21,"column":90}},"11":{"start":{"line":24,"column":8},"end":{"line":24,"column":39}},"12":{"start":{"line":25,"column":8},"end":{"line":25,"column":35}},"13":{"start":{"line":26,"column":8},"end":{"line":26,"column":32}},"14":{"start":{"line":28,"column":8},"end":{"line":28,"column":29}},"15":{"start":{"line":30,"column":8},"end":{"line":30,"column":78}},"16":{"start":{"line":32,"column":8},"end":{"line":32,"column":52}},"17":{"start":{"line":33,"column":8},"end":{"line":33,"column":69}},"18":{"start":{"line":37,"column":0},"end":{"line":37,"column":24}}},"fnMap":{"0":{"name":"(anonymous_0)","decl":{"start":{"line":13,"column":60},"end":{"line":13,"column":61}},"loc":{"start":{"line":13,"column":79},"end":{"line":35,"column":1}},"line":13}},"branchMap":{"0":{"loc":{"start":{"line":20,"column":8},"end":{"line":22,"column":9}},"type":"if","locations":[{"start":{"line":20,"column":8},"end":{"line":22,"column":9}},{"start":{},"end":{}}],"line":20}},"s":{"0":7,"1":7,"2":7,"3":7,"4":7,"5":7,"6":7,"7":3,"8":3,"9":3,"10":2,"11":1,"12":1,"13":1,"14":1,"15":1,"16":0,"17":0,"18":7},"f":{"0":3},"b":{"0":[2,1]},"_coverageSchema":"1a1c01bbd47fc00a2c39e90264f33305004495a9","hash":"3aaa54f1a5a86b34d9b6ce9210effd802b8a47c2"}
,"C:\\Users\\USER\\Desktop\\adaniPrintworld\\backend\\src\\modules\\head\\head.service.js": {"path":"C:\\Users\\USER\\Desktop\\adaniPrintworld\\backend\\src\\modules\\head\\head.service.js","statementMap":{"0":{"start":{"line":1,"column":20},"end":{"line":1,"column":49}},"1":{"start":{"line":3,"column":0},"end":{"line":7,"column":3}},"2":{"start":{"line":3,"column":41},"end":{"line":7,"column":1}},"3":{"start":{"line":9,"column":0},"end":{"line":19,"column":2}},"4":{"start":{"line":10,"column":20},"end":{"line":10,"column":69}},"5":{"start":{"line":12,"column":4},"end":{"line":12,"column":71}},"6":{"start":{"line":12,"column":18},"end":{"line":12,"column":71}},"7":{"start":{"line":14,"column":4},"end":{"line":14,"column":34}},"8":{"start":{"line":15,"column":4},"end":{"line":15,"column":30}},"9":{"start":{"line":16,"column":4},"end":{"line":16,"column":25}},"10":{"start":{"line":18,"column":4},"end":{"line":18,"column":43}}},"fnMap":{"0":{"name":"(anonymous_0)","decl":{"start":{"line":3,"column":23},"end":{"line":3,"column":24}},"loc":{"start":{"line":3,"column":41},"end":{"line":7,"column":1}},"line":3},"1":{"name":"(anonymous_1)","decl":{"start":{"line":9,"column":25},"end":{"line":9,"column":26}},"loc":{"start":{"line":9,"column":53},"end":{"line":19,"column":1}},"line":9}},"branchMap":{"0":{"loc":{"start":{"line":12,"column":4},"end":{"line":12,"column":71}},"type":"if","locations":[{"start":{"line":12,"column":4},"end":{"line":12,"column":71}},{"start":{},"end":{}}],"line":12}},"s":{"0":7,"1":7,"2":1,"3":7,"4":2,"5":2,"6":2,"7":0,"8":0,"9":0,"10":0},"f":{"0":1,"1":2},"b":{"0":[2,0]},"_coverageSchema":"1a1c01bbd47fc00a2c39e90264f33305004495a9","hash":"601b167cb03ce3e330075b42f473291e2f4f0e9b"}
,"C:\\Users\\USER\\Desktop\\adaniPrintworld\\backend\\src\\modules\\lot\\lot.model.js": {"path":"C:\\Users\\USER\\Desktop\\adaniPrintworld\\backend\\src\\modules\\lot\\lot.model.js","statementMap":{"0":{"start":{"line":1,"column":17},"end":{"line":1,"column":36}},"1":{"start":{"line":3,"column":18},"end":{"line":7,"column":2}},"2":{"start":{"line":9,"column":0},"end":{"line":9,"column":50}}},"fnMap":{},"branchMap":{},"s":{"0":7,"1":7,"2":7},"f":{},"b":{},"_coverageSchema":"1a1c01bbd47fc00a2c39e90264f33305004495a9","hash":"7929f55120addb8ff821369d1f02f560aea68bde"}
,"C:\\Users\\USER\\Desktop\\adaniPrintworld\\backend\\src\\modules\\nameplate\\nameplate.controller.js": {"path":"C:\\Users\\USER\\Desktop\\adaniPrintworld\\backend\\src\\modules\\nameplate\\nameplate.controller.js","statementMap":{"0":{"start":{"line":1,"column":25},"end":{"line":1,"column":55}},"1":{"start":{"line":5,"column":8},"end":{"line":10,"column":9}},"2":{"start":{"line":6,"column":30},"end":{"line":6,"column":69}},"3":{"start":{"line":7,"column":12},"end":{"line":7,"column":44}},"4":{"start":{"line":9,"column":12},"end":{"line":9,"column":57}},"5":{"start":{"line":14,"column":8},"end":{"line":19,"column":9}},"6":{"start":{"line":15,"column":31},"end":{"line":15,"column":62}},"7":{"start":{"line":16,"column":12},"end":{"line":16,"column":33}},"8":{"start":{"line":18,"column":12},"end":{"line":18,"column":57}},"9":{"start":{"line":23,"column":8},"end":{"line":29,"column":9}},"10":{"start":{"line":24,"column":30},"end":{"line":24,"column":75}},"11":{"start":{"line":25,"column":12},"end":{"line":25,"column":80}},"12":{"start":{"line":25,"column":28},"end":{"line":25,"column":80}},"13":{"start":{"line":26,"column":12},"end":{"line":26,"column":32}},"14":{"start":{"line":28,"column":12},"end":{"line":28,"column":57}},"15":{"start":{"line":33,"column":8},"end":{"line":38,"column":9}},"16":{"start":{"line":34,"column":30},"end":{"line":34,"column":96}},"17":{"start":{"line":35,"column":12},"end":{"line":35,"column":32}},"18":{"start":{"line":37,"column":12},"end":{"line":37,"column":57}},"19":{"start":{"line":42,"column":8},"end":{"line":47,"column":9}},"20":{"start":{"line":43,"column":30},"end":{"line":43,"column":74}},"21":{"start":{"line":44,"column":12},"end":{"line":44,"column":32}},"22":{"start":{"line":46,"column":12},"end":{"line":46,"column":57}},"23":{"start":{"line":51,"column":0},"end":{"line":51,"column":43}}},"fnMap":{"0":{"name":"(anonymous_0)","decl":{"start":{"line":4,"column":4},"end":{"line":4,"column":5}},"loc":{"start":{"line":4,"column":27},"end":{"line":11,"column":5}},"line":4},"1":{"name":"(anonymous_1)","decl":{"start":{"line":13,"column":4},"end":{"line":13,"column":5}},"loc":{"start":{"line":13,"column":27},"end":{"line":20,"column":5}},"line":13},"2":{"name":"(anonymous_2)","decl":{"start":{"line":22,"column":4},"end":{"line":22,"column":5}},"loc":{"start":{"line":22,"column":28},"end":{"line":30,"column":5}},"line":22},"3":{"name":"(anonymous_3)","decl":{"start":{"line":32,"column":4},"end":{"line":32,"column":5}},"loc":{"start":{"line":32,"column":28},"end":{"line":39,"column":5}},"line":32},"4":{"name":"(anonymous_4)","decl":{"start":{"line":41,"column":4},"end":{"line":41,"column":5}},"loc":{"start":{"line":41,"column":27},"end":{"line":48,"column":5}},"line":41}},"branchMap":{"0":{"loc":{"start":{"line":25,"column":12},"end":{"line":25,"column":80}},"type":"if","locations":[{"start":{"line":25,"column":12},"end":{"line":25,"column":80}},{"start":{},"end":{}}],"line":25}},"s":{"0":7,"1":3,"2":3,"3":2,"4":1,"5":2,"6":2,"7":2,"8":0,"9":1,"10":1,"11":1,"12":1,"13":0,"14":0,"15":2,"16":2,"17":2,"18":0,"19":2,"20":2,"21":2,"22":0,"23":7},"f":{"0":3,"1":2,"2":1,"3":2,"4":2},"b":{"0":[1,0]},"_coverageSchema":"1a1c01bbd47fc00a2c39e90264f33305004495a9","hash":"98a003e946c1679fd00df255b072b0ab5403741f"}
,"C:\\Users\\USER\\Desktop\\adaniPrintworld\\backend\\src\\modules\\nameplate\\nameplate.model.js": {"path":"C:\\Users\\USER\\Desktop\\adaniPrintworld\\backend\\src\\modules\\nameplate\\nameplate.model.js","statementMap":{"0":{"start":{"line":1,"column":17},"end":{"line":1,"column":36}},"1":{"start":{"line":2,"column":24},"end":{"line":42,"column":2}},"2":{"start":{"line":44,"column":0},"end":{"line":44,"column":62}}},"fnMap":{},"branchMap":{},"s":{"0":7,"1":7,"2":7},"f":{},"b":{},"_coverageSchema":"1a1c01bbd47fc00a2c39e90264f33305004495a9","hash":"92f3b101e3aa50e0bceadb132689d69982c3f219"}
,"C:\\Users\\USER\\Desktop\\adaniPrintworld\\backend\\src\\modules\\nameplate\\nameplate.routes.js": {"path":"C:\\Users\\USER\\Desktop\\adaniPrintworld\\backend\\src\\modules\\nameplate\\nameplate.routes.js","statementMap":{"0":{"start":{"line":1,"column":16},"end":{"line":1,"column":34}},"1":{"start":{"line":2,"column":15},"end":{"line":2,"column":31}},"2":{"start":{"line":3,"column":28},"end":{"line":3,"column":61}},"3":{"start":{"line":6,"column":0},"end":{"line":6,"column":71}},"4":{"start":{"line":9,"column":0},"end":{"line":9,"column":70}},"5":{"start":{"line":12,"column":0},"end":{"line":12,"column":74}},"6":{"start":{"line":15,"column":0},"end":{"line":15,"column":84}},"7":{"start":{"line":18,"column":0},"end":{"line":18,"column":82}},"8":{"start":{"line":20,"column":0},"end":{"line":20,"column":24}}},"fnMap":{},"branchMap":{},"s":{"0":7,"1":7,"2":7,"3":7,"4":7,"5":7,"6":7,"7":7,"8":7},"f":{},"b":{},"_coverageSchema":"1a1c01bbd47fc00a2c39e90264f33305004495a9","hash":"9fc01c98f3489c753a8313a3b19ffc6c86c0bad8"}
,"C:\\Users\\USER\\Desktop\\adaniPrintworld\\backend\\src\\modules\\nameplate\\nameplate.service.js": {"path":"C:\\Users\\USER\\Desktop\\adaniPrintworld\\backend\\src\\modules\\nameplate\\nameplate.service.js","statementMap":{"0":{"start":{"line":1,"column":18},"end":{"line":1,"column":46}},"1":{"start":{"line":5,"column":26},"end":{"line":5,"column":45}},"2":{"start":{"line":6,"column":8},"end":{"line":6,"column":38}},"3":{"start":{"line":10,"column":8},"end":{"line":10,"column":38}},"4":{"start":{"line":14,"column":8},"end":{"line":14,"column":44}},"5":{"start":{"line":18,"column":8},"end":{"line":20,"column":10}},"6":{"start":{"line":24,"column":8},"end":{"line":26,"column":10}},"7":{"start":{"line":30,"column":0},"end":{"line":30,"column":40}}},"fnMap":{"0":{"name":"(anonymous_0)","decl":{"start":{"line":4,"column":4},"end":{"line":4,"column":5}},"loc":{"start":{"line":4,"column":23},"end":{"line":7,"column":5}},"line":4},"1":{"name":"(anonymous_1)","decl":{"start":{"line":9,"column":4},"end":{"line":9,"column":5}},"loc":{"start":{"line":9,"column":19},"end":{"line":11,"column":5}},"line":9},"2":{"name":"(anonymous_2)","decl":{"start":{"line":13,"column":4},"end":{"line":13,"column":5}},"loc":{"start":{"line":13,"column":22},"end":{"line":15,"column":5}},"line":13},"3":{"name":"(anonymous_3)","decl":{"start":{"line":17,"column":4},"end":{"line":17,"column":5}},"loc":{"start":{"line":17,"column":36},"end":{"line":21,"column":5}},"line":17},"4":{"name":"(anonymous_4)","decl":{"start":{"line":23,"column":4},"end":{"line":23,"column":5}},"loc":{"start":{"line":23,"column":21},"end":{"line":27,"column":5}},"line":23}},"branchMap":{},"s":{"0":7,"1":3,"2":3,"3":2,"4":1,"5":2,"6":2,"7":7},"f":{"0":3,"1":2,"2":1,"3":2,"4":2},"b":{},"_coverageSchema":"1a1c01bbd47fc00a2c39e90264f33305004495a9","hash":"a16b88957bffc3d8fec63ad40c5bf9bcf57d2c2e"}
,"C:\\Users\\USER\\Desktop\\adaniPrintworld\\backend\\src\\modules\\officer\\officer.controller.js": {"path":"C:\\Users\\USER\\Desktop\\adaniPrintworld\\backend\\src\\modules\\officer\\officer.controller.js","statementMap":{"0":{"start":{"line":1,"column":16},"end":{"line":1,"column":44}},"1":{"start":{"line":3,"column":0},"end":{"line":10,"column":2}},"2":{"start":{"line":4,"column":4},"end":{"line":9,"column":5}},"3":{"start":{"line":5,"column":21},"end":{"line":5,"column":65}},"4":{"start":{"line":6,"column":8},"end":{"line":6,"column":42}},"5":{"start":{"line":8,"column":8},"end":{"line":8,"column":69}},"6":{"start":{"line":12,"column":0},"end":{"line":19,"column":2}},"7":{"start":{"line":13,"column":4},"end":{"line":18,"column":5}},"8":{"start":{"line":14,"column":21},"end":{"line":14,"column":57}},"9":{"start":{"line":15,"column":8},"end":{"line":15,"column":42}},"10":{"start":{"line":17,"column":8},"end":{"line":17,"column":69}},"11":{"start":{"line":21,"column":0},"end":{"line":28,"column":2}},"12":{"start":{"line":22,"column":4},"end":{"line":27,"column":5}},"13":{"start":{"line":23,"column":21},"end":{"line":23,"column":58}},"14":{"start":{"line":24,"column":8},"end":{"line":24,"column":42}},"15":{"start":{"line":26,"column":8},"end":{"line":26,"column":69}},"16":{"start":{"line":30,"column":0},"end":{"line":38,"column":2}},"17":{"start":{"line":31,"column":4},"end":{"line":37,"column":5}},"18":{"start":{"line":32,"column":26},"end":{"line":32,"column":36}},"19":{"start":{"line":33,"column":21},"end":{"line":33,"column":67}},"20":{"start":{"line":34,"column":8},"end":{"line":34,"column":42}},"21":{"start":{"line":36,"column":8},"end":{"line":36,"column":69}},"22":{"start":{"line":40,"column":0},"end":{"line":48,"column":2}},"23":{"start":{"line":41,"column":4},"end":{"line":47,"column":5}},"24":{"start":{"line":42,"column":26},"end":{"line":42,"column":36}},"25":{"start":{"line":43,"column":21},"end":{"line":43,"column":60}},"26":{"start":{"line":44,"column":8},"end":{"line":44,"column":42}},"27":{"start":{"line":46,"column":8},"end":{"line":46,"column":69}},"28":{"start":{"line":50,"column":0},"end":{"line":59,"column":2}},"29":{"start":{"line":51,"column":4},"end":{"line":58,"column":5}},"30":{"start":{"line":52,"column":32},"end":{"line":52,"column":42}},"31":{"start":{"line":53,"column":27},"end":{"line":53,"column":35}},"32":{"start":{"line":54,"column":21},"end":{"line":54,"column":77}},"33":{"start":{"line":55,"column":8},"end":{"line":55,"column":42}},"34":{"start":{"line":57,"column":8},"end":{"line":57,"column":69}}},"fnMap":{"0":{"name":"(anonymous_0)","decl":{"start":{"line":3,"column":20},"end":{"line":3,"column":21}},"loc":{"start":{"line":3,"column":39},"end":{"line":10,"column":1}},"line":3},"1":{"name":"(anonymous_1)","decl":{"start":{"line":12,"column":20},"end":{"line":12,"column":21}},"loc":{"start":{"line":12,"column":39},"end":{"line":19,"column":1}},"line":12},"2":{"name":"(anonymous_2)","decl":{"start":{"line":21,"column":18},"end":{"line":21,"column":19}},"loc":{"start":{"line":21,"column":37},"end":{"line":28,"column":1}},"line":21},"3":{"name":"(anonymous_3)","decl":{"start":{"line":30,"column":26},"end":{"line":30,"column":27}},"loc":{"start":{"line":30,"column":45},"end":{"line":38,"column":1}},"line":30},"4":{"name":"(anonymous_4)","decl":{"start":{"line":40,"column":24},"end":{"line":40,"column":25}},"loc":{"start":{"line":40,"column":43},"end":{"line":48,"column":1}},"line":40},"5":{"name":"(anonymous_5)","decl":{"start":{"line":50,"column":23},"end":{"line":50,"column":24}},"loc":{"start":{"line":50,"column":42},"end":{"line":59,"column":1}},"line":50}},"branchMap":{},"s":{"0":7,"1":7,"2":1,"3":1,"4":1,"5":0,"6":7,"7":1,"8":1,"9":1,"10":0,"11":7,"12":2,"13":2,"14":2,"15":0,"16":7,"17":2,"18":2,"19":2,"20":2,"21":0,"22":7,"23":1,"24":1,"25":1,"26":1,"27":0,"28":7,"29":1,"30":1,"31":1,"32":1,"33":1,"34":0},"f":{"0":1,"1":1,"2":2,"3":2,"4":1,"5":1},"b":{},"_coverageSchema":"1a1c01bbd47fc00a2c39e90264f33305004495a9","hash":"b2247d2bab54ccbb0ade6da1d5ec877c67490f5b"}
,"C:\\Users\\USER\\Desktop\\adaniPrintworld\\backend\\src\\modules\\officer\\officer.routes.js": {"path":"C:\\Users\\USER\\Desktop\\adaniPrintworld\\backend\\src\\modules\\officer\\officer.routes.js","statementMap":{"0":{"start":{"line":1,"column":15},"end":{"line":1,"column":42}},"1":{"start":{"line":2,"column":19},"end":{"line":2,"column":50}},"2":{"start":{"line":3,"column":28},"end":{"line":3,"column":71}},"3":{"start":{"line":5,"column":0},"end":{"line":5,"column":75}},"4":{"start":{"line":7,"column":0},"end":{"line":7,"column":70}},"5":{"start":{"line":8,"column":0},"end":{"line":8,"column":67}},"6":{"start":{"line":10,"column":0},"end":{"line":10,"column":93}},"7":{"start":{"line":11,"column":0},"end":{"line":11,"column":90}},"8":{"start":{"line":13,"column":0},"end":{"line":13,"column":100}},"9":{"start":{"line":15,"column":0},"end":{"line":15,"column":24}}},"fnMap":{},"branchMap":{},"s":{"0":7,"1":7,"2":7,"3":7,"4":7,"5":7,"6":7,"7":7,"8":7,"9":7},"f":{},"b":{},"_coverageSchema":"1a1c01bbd47fc00a2c39e90264f33305004495a9","hash":"4a7d1f3b0957dee8e0e1239f1988ddfb44abdd3b"}
,"C:\\Users\\USER\\Desktop\\adaniPrintworld\\backend\\src\\modules\\officer\\officer.service.js": {"path":"C:\\Users\\USER\\Desktop\\adaniPrintworld\\backend\\src\\modules\\officer\\officer.service.js","statementMap":{"0":{"start":{"line":1,"column":12},"end":{"line":1,"column":39}},"1":{"start":{"line":2,"column":18},"end":{"line":2,"column":57}},"2":{"start":{"line":4,"column":0},"end":{"line":14,"column":2}},"3":{"start":{"line":5,"column":20},"end":{"line":5,"column":59}},"4":{"start":{"line":6,"column":21},"end":{"line":6,"column":52}},"5":{"start":{"line":8,"column":19},"end":{"line":11,"column":6}},"6":{"start":{"line":13,"column":4},"end":{"line":13,"column":18}},"7":{"start":{"line":16,"column":0},"end":{"line":18,"column":2}},"8":{"start":{"line":17,"column":4},"end":{"line":17,"column":70}},"9":{"start":{"line":20,"column":0},"end":{"line":22,"column":2}},"10":{"start":{"line":21,"column":4},"end":{"line":21,"column":51}},"11":{"start":{"line":24,"column":0},"end":{"line":26,"column":2}},"12":{"start":{"line":25,"column":4},"end":{"line":25,"column":61}},"13":{"start":{"line":28,"column":0},"end":{"line":30,"column":2}},"14":{"start":{"line":29,"column":4},"end":{"line":29,"column":70}},"15":{"start":{"line":32,"column":0},"end":{"line":42,"column":2}},"16":{"start":{"line":33,"column":17},"end":{"line":33,"column":71}},"17":{"start":{"line":34,"column":19},"end":{"line":34,"column":41}},"18":{"start":{"line":34,"column":35},"end":{"line":34,"column":40}},"19":{"start":{"line":36,"column":4},"end":{"line":41,"column":6}}},"fnMap":{"0":{"name":"(anonymous_0)","decl":{"start":{"line":4,"column":20},"end":{"line":4,"column":21}},"loc":{"start":{"line":4,"column":40},"end":{"line":14,"column":1}},"line":4},"1":{"name":"(anonymous_1)","decl":{"start":{"line":16,"column":21},"end":{"line":16,"column":22}},"loc":{"start":{"line":16,"column":41},"end":{"line":18,"column":1}},"line":16},"2":{"name":"(anonymous_2)","decl":{"start":{"line":20,"column":26},"end":{"line":20,"column":27}},"loc":{"start":{"line":20,"column":51},"end":{"line":22,"column":1}},"line":20},"3":{"name":"(anonymous_3)","decl":{"start":{"line":24,"column":29},"end":{"line":24,"column":30}},"loc":{"start":{"line":24,"column":45},"end":{"line":26,"column":1}},"line":24},"4":{"name":"(anonymous_4)","decl":{"start":{"line":28,"column":32},"end":{"line":28,"column":33}},"loc":{"start":{"line":28,"column":53},"end":{"line":30,"column":1}},"line":28},"5":{"name":"(anonymous_5)","decl":{"start":{"line":32,"column":28},"end":{"line":32,"column":29}},"loc":{"start":{"line":32,"column":48},"end":{"line":42,"column":1}},"line":32},"6":{"name":"(anonymous_6)","decl":{"start":{"line":34,"column":28},"end":{"line":34,"column":29}},"loc":{"start":{"line":34,"column":35},"end":{"line":34,"column":40}},"line":34}},"branchMap":{"0":{"loc":{"start":{"line":6,"column":21},"end":{"line":6,"column":52}},"type":"cond-expr","locations":[{"start":{"line":6,"column":31},"end":{"line":6,"column":48}},{"start":{"line":6,"column":51},"end":{"line":6,"column":52}}],"line":6}},"s":{"0":7,"1":7,"2":7,"3":1,"4":1,"5":1,"6":1,"7":7,"8":2,"9":7,"10":2,"11":7,"12":1,"13":7,"14":1,"15":7,"16":1,"17":1,"18":0,"19":1},"f":{"0":1,"1":2,"2":2,"3":1,"4":1,"5":1,"6":0},"b":{"0":[0,1]},"_coverageSchema":"1a1c01bbd47fc00a2c39e90264f33305004495a9","hash":"a538a996b5f818d91db8fd3b6c99c9b0843a0cf0"}
}
