TN:
SF:server.js
FN:36,(anonymous_0)
FN:47,(anonymous_1)
FNF:2
FNH:1
FNDA:2,(anonymous_0)
FNDA:0,(anonymous_1)
DA:1,7
DA:2,7
DA:3,7
DA:4,7
DA:5,7
DA:6,7
DA:7,7
DA:8,7
DA:9,7
DA:11,7
DA:14,7
DA:15,7
DA:16,7
DA:19,7
DA:20,0
DA:24,7
DA:27,7
DA:28,7
DA:29,7
DA:32,7
DA:33,7
DA:36,7
DA:37,2
DA:38,2
DA:42,7
DA:45,7
DA:46,0
DA:47,0
LF:28
LH:25
BRDA:19,0,0,0
BRDA:19,0,1,7
BRDA:45,1,0,0
BRDA:45,1,1,7
BRDA:46,2,0,0
BRDA:46,2,1,0
BRF:6
BRH:2
end_of_record
TN:
SF:src\config\db.js
FN:4,connectDB
FNF:1
FNH:0
FNDA:0,connectDB
DA:1,7
DA:2,7
DA:5,0
DA:9,0
DA:12,7
LF:5
LH:3
BRF:0
BRH:0
end_of_record
TN:
SF:src\config\environment.js
FNF:0
FNH:0
DA:2,7
DA:4,7
LF:2
LH:2
BRDA:5,0,0,7
BRDA:5,0,1,0
BRDA:6,1,0,7
BRDA:6,1,1,0
BRDA:7,2,0,7
BRDA:7,2,1,0
BRDA:8,3,0,7
BRDA:8,3,1,0
BRDA:9,4,0,7
BRDA:9,4,1,7
BRDA:10,5,0,7
BRDA:10,5,1,7
BRF:12
BRH:8
end_of_record
TN:
SF:src\middleware\auth.middleware.js
FN:3,(anonymous_0)
FN:22,(anonymous_1)
FN:23,(anonymous_2)
FNF:3
FNH:3
FNDA:38,(anonymous_0)
FNDA:105,(anonymous_1)
FNDA:29,(anonymous_2)
DA:1,7
DA:3,7
DA:4,38
DA:6,38
DA:7,9
DA:10,29
DA:12,29
DA:13,29
DA:14,29
DA:15,29
DA:17,0
DA:18,0
DA:22,7
DA:23,105
DA:24,29
DA:25,8
DA:27,21
DA:32,7
LF:18
LH:16
BRDA:6,0,0,9
BRDA:6,0,1,29
BRDA:6,1,0,38
BRDA:6,1,1,29
BRDA:24,2,0,8
BRDA:24,2,1,21
BRF:6
BRH:6
end_of_record
TN:
SF:src\modules\admin\admin.controller.js
FN:3,(anonymous_0)
FN:13,(anonymous_1)
FNF:2
FNH:2
FNDA:1,(anonymous_0)
FNDA:1,(anonymous_1)
DA:1,7
DA:3,7
DA:4,1
DA:5,1
DA:6,1
DA:9,0
DA:13,7
DA:14,1
DA:15,1
DA:16,1
DA:18,0
LF:11
LH:9
BRF:0
BRH:0
end_of_record
TN:
SF:src\modules\admin\admin.routes.js
FNF:0
FNH:0
DA:1,7
DA:2,7
DA:3,7
DA:5,7
DA:6,7
DA:8,7
LF:6
LH:6
BRF:0
BRH:0
end_of_record
TN:
SF:src\modules\admin\admin.service.js
FN:3,(anonymous_0)
FN:9,(anonymous_1)
FNF:2
FNH:2
FNDA:1,(anonymous_0)
FNDA:1,(anonymous_1)
DA:1,7
DA:3,7
DA:9,7
DA:10,1
LF:4
LH:4
BRF:0
BRH:0
end_of_record
TN:
SF:src\modules\auth\auth.controller.js
FN:5,(anonymous_0)
FN:20,(anonymous_1)
FN:30,(anonymous_2)
FN:40,(anonymous_3)
FNF:4
FNH:4
FNDA:5,(anonymous_0)
FNDA:3,(anonymous_1)
FNDA:4,(anonymous_2)
FNDA:2,(anonymous_3)
DA:1,7
DA:2,7
DA:5,7
DA:6,5
DA:7,5
DA:8,5
DA:9,4
DA:15,1
DA:20,7
DA:21,3
DA:22,3
DA:23,0
DA:25,3
DA:30,7
DA:31,4
DA:32,4
DA:33,0
DA:35,4
DA:40,7
DA:41,2
DA:42,2
DA:43,2
DA:45,1
DA:46,1
DA:47,1
DA:49,1
DA:51,0
LF:27
LH:24
BRDA:43,0,0,1
BRDA:43,0,1,1
BRF:2
BRH:2
end_of_record
TN:
SF:src\modules\auth\auth.model.js
FNF:0
FNH:0
DA:1,7
DA:4,7
DA:14,7
DA:28,7
DA:42,7
LF:5
LH:5
BRF:0
BRH:0
end_of_record
TN:
SF:src\modules\auth\auth.routes.js
FNF:0
FNH:0
DA:1,7
DA:2,7
DA:3,7
DA:6,7
DA:7,7
DA:8,7
DA:11,7
DA:13,7
LF:8
LH:8
BRF:0
BRH:0
end_of_record
TN:
SF:src\modules\auth\auth.service.js
FN:6,getModel
FN:14,(anonymous_1)
FN:41,(anonymous_2)
FN:71,(anonymous_3)
FNF:4
FNH:4
FNDA:5,getModel
FNDA:5,(anonymous_1)
FNDA:3,(anonymous_2)
FNDA:4,(anonymous_3)
DA:1,7
DA:2,7
DA:3,7
DA:4,7
DA:7,5
DA:8,3
DA:9,2
DA:10,1
DA:14,7
DA:15,5
DA:17,4
DA:18,4
DA:21,4
DA:22,0
DA:23,0
DA:25,0
DA:26,0
DA:27,0
DA:30,4
DA:37,4
DA:41,7
DA:42,3
DA:44,3
DA:45,9
DA:47,9
DA:49,0
DA:50,0
DA:53,0
DA:55,0
DA:56,0
DA:57,0
DA:60,0
DA:61,0
DA:62,0
DA:64,0
DA:67,3
DA:71,7
DA:72,4
DA:74,4
DA:75,8
DA:76,8
DA:78,2
DA:79,2
DA:80,1
DA:82,0
DA:86,0
DA:89,2
LF:47
LH:30
BRDA:7,0,0,2
BRDA:7,0,1,3
BRDA:8,1,0,1
BRDA:8,1,1,2
BRDA:9,2,0,1
BRDA:9,2,1,1
BRDA:21,3,0,0
BRDA:21,3,1,4
BRDA:23,4,0,0
BRDA:23,4,1,0
BRDA:47,5,0,9
BRDA:47,5,1,0
BRDA:49,6,0,0
BRDA:49,6,1,0
BRDA:55,7,0,0
BRDA:55,7,1,0
BRDA:55,8,0,0
BRDA:55,8,1,0
BRDA:76,9,0,6
BRDA:76,9,1,2
BRDA:79,10,0,1
BRDA:79,10,1,1
BRDA:80,11,0,1
BRDA:80,11,1,0
BRF:24
BRH:13
end_of_record
TN:
SF:src\modules\dashboard\dashboard.controller.js
FN:3,(anonymous_0)
FN:12,(anonymous_1)
FN:21,(anonymous_2)
FNF:3
FNH:3
FNDA:1,(anonymous_0)
FNDA:1,(anonymous_1)
FNDA:1,(anonymous_2)
DA:1,7
DA:3,7
DA:4,1
DA:5,1
DA:6,1
DA:8,0
DA:12,7
DA:13,1
DA:14,1
DA:15,1
DA:17,0
DA:21,7
DA:22,1
DA:23,1
DA:24,1
DA:26,0
LF:16
LH:13
BRF:0
BRH:0
end_of_record
TN:
SF:src\modules\dashboard\dashboard.routes.js
FNF:0
FNH:0
DA:1,7
DA:2,7
DA:3,7
DA:6,7
DA:9,7
DA:12,7
DA:14,7
LF:7
LH:7
BRF:0
BRH:0
end_of_record
TN:
SF:src\modules\dashboard\dashboard.service.js
FN:3,(anonymous_0)
FN:11,(anonymous_1)
FN:21,(anonymous_2)
FNF:3
FNH:3
FNDA:1,(anonymous_0)
FNDA:1,(anonymous_1)
FNDA:1,(anonymous_2)
DA:1,7
DA:3,7
DA:4,1
DA:11,7
DA:12,1
DA:14,1
DA:21,7
DA:22,1
DA:23,1
LF:9
LH:9
BRF:0
BRH:0
end_of_record
TN:
SF:src\modules\head\head.controller.js
FN:3,(anonymous_0)
FN:12,(anonymous_1)
FNF:2
FNH:2
FNDA:1,(anonymous_0)
FNDA:2,(anonymous_1)
DA:1,7
DA:3,7
DA:4,1
DA:5,1
DA:6,1
DA:8,0
DA:12,7
DA:13,2
DA:14,2
DA:15,0
DA:17,2
LF:11
LH:9
BRF:0
BRH:0
end_of_record
TN:
SF:src\modules\head\head.routes.js
FN:13,(anonymous_0)
FNF:1
FNH:1
FNDA:3,(anonymous_0)
DA:1,7
DA:2,7
DA:3,7
DA:4,7
DA:7,7
DA:10,7
DA:13,7
DA:14,3
DA:15,3
DA:20,3
DA:21,2
DA:24,1
DA:25,1
DA:26,1
DA:28,1
DA:30,1
DA:32,0
DA:33,0
DA:37,7
LF:19
LH:17
BRDA:20,0,0,2
BRDA:20,0,1,1
BRF:2
BRH:2
end_of_record
TN:
SF:src\modules\head\head.service.js
FN:3,(anonymous_0)
FN:9,(anonymous_1)
FNF:2
FNH:2
FNDA:1,(anonymous_0)
FNDA:2,(anonymous_1)
DA:1,7
DA:3,7
DA:9,7
DA:10,2
DA:12,2
DA:14,0
DA:15,0
DA:16,0
DA:18,0
LF:9
LH:5
BRDA:12,0,0,2
BRDA:12,0,1,0
BRF:2
BRH:1
end_of_record
TN:
SF:src\modules\lot\lot.model.js
FNF:0
FNH:0
DA:1,7
DA:3,7
DA:9,7
LF:3
LH:3
BRF:0
BRH:0
end_of_record
TN:
SF:src\modules\nameplate\nameplate.controller.js
FN:4,(anonymous_0)
FN:13,(anonymous_1)
FN:22,(anonymous_2)
FN:32,(anonymous_3)
FN:41,(anonymous_4)
FNF:5
FNH:5
FNDA:3,(anonymous_0)
FNDA:2,(anonymous_1)
FNDA:1,(anonymous_2)
FNDA:2,(anonymous_3)
FNDA:2,(anonymous_4)
DA:1,7
DA:5,3
DA:6,3
DA:7,2
DA:9,1
DA:14,2
DA:15,2
DA:16,2
DA:18,0
DA:23,1
DA:24,1
DA:25,1
DA:26,0
DA:28,0
DA:33,2
DA:34,2
DA:35,2
DA:37,0
DA:42,2
DA:43,2
DA:44,2
DA:46,0
DA:51,7
LF:23
LH:18
BRDA:25,0,0,1
BRDA:25,0,1,0
BRF:2
BRH:1
end_of_record
TN:
SF:src\modules\nameplate\nameplate.model.js
FNF:0
FNH:0
DA:1,7
DA:2,7
DA:44,7
LF:3
LH:3
BRF:0
BRH:0
end_of_record
TN:
SF:src\modules\nameplate\nameplate.routes.js
FNF:0
FNH:0
DA:1,7
DA:2,7
DA:3,7
DA:6,7
DA:9,7
DA:12,7
DA:15,7
DA:18,7
DA:20,7
LF:9
LH:9
BRF:0
BRH:0
end_of_record
TN:
SF:src\modules\nameplate\nameplate.service.js
FN:4,(anonymous_0)
FN:9,(anonymous_1)
FN:13,(anonymous_2)
FN:17,(anonymous_3)
FN:23,(anonymous_4)
FNF:5
FNH:5
FNDA:3,(anonymous_0)
FNDA:2,(anonymous_1)
FNDA:1,(anonymous_2)
FNDA:2,(anonymous_3)
FNDA:2,(anonymous_4)
DA:1,7
DA:5,3
DA:6,3
DA:10,2
DA:14,1
DA:18,2
DA:24,2
DA:30,7
LF:8
LH:8
BRF:0
BRH:0
end_of_record
TN:
SF:src\modules\officer\officer.controller.js
FN:3,(anonymous_0)
FN:12,(anonymous_1)
FN:21,(anonymous_2)
FN:30,(anonymous_3)
FN:40,(anonymous_4)
FN:50,(anonymous_5)
FNF:6
FNH:6
FNDA:1,(anonymous_0)
FNDA:1,(anonymous_1)
FNDA:2,(anonymous_2)
FNDA:2,(anonymous_3)
FNDA:1,(anonymous_4)
FNDA:1,(anonymous_5)
DA:1,7
DA:3,7
DA:4,1
DA:5,1
DA:6,1
DA:8,0
DA:12,7
DA:13,1
DA:14,1
DA:15,1
DA:17,0
DA:21,7
DA:22,2
DA:23,2
DA:24,2
DA:26,0
DA:30,7
DA:31,2
DA:32,2
DA:33,2
DA:34,2
DA:36,0
DA:40,7
DA:41,1
DA:42,1
DA:43,1
DA:44,1
DA:46,0
DA:50,7
DA:51,1
DA:52,1
DA:53,1
DA:54,1
DA:55,1
DA:57,0
LF:35
LH:29
BRF:0
BRH:0
end_of_record
TN:
SF:src\modules\officer\officer.routes.js
FNF:0
FNH:0
DA:1,7
DA:2,7
DA:3,7
DA:5,7
DA:7,7
DA:8,7
DA:10,7
DA:11,7
DA:13,7
DA:15,7
LF:10
LH:10
BRF:0
BRH:0
end_of_record
TN:
SF:src\modules\officer\officer.service.js
FN:4,(anonymous_0)
FN:16,(anonymous_1)
FN:20,(anonymous_2)
FN:24,(anonymous_3)
FN:28,(anonymous_4)
FN:32,(anonymous_5)
FN:34,(anonymous_6)
FNF:7
FNH:6
FNDA:1,(anonymous_0)
FNDA:2,(anonymous_1)
FNDA:2,(anonymous_2)
FNDA:1,(anonymous_3)
FNDA:1,(anonymous_4)
FNDA:1,(anonymous_5)
FNDA:0,(anonymous_6)
DA:1,7
DA:2,7
DA:4,7
DA:5,1
DA:6,1
DA:8,1
DA:13,1
DA:16,7
DA:17,2
DA:20,7
DA:21,2
DA:24,7
DA:25,1
DA:28,7
DA:29,1
DA:32,7
DA:33,1
DA:34,1
DA:36,1
LF:19
LH:19
BRDA:6,0,0,0
BRDA:6,0,1,1
BRF:2
BRH:1
end_of_record
